   1               		.file	"main.c"
   2               	__SREG__ = 0x3f
   3               	__SP_H__ = 0x3e
   4               	__SP_L__ = 0x3d
   5               	__CCP__  = 0x34
   6               	__tmp_reg__ = 0
   7               	__zero_reg__ = 1
  15               	.Ltext0:
  16               	.global	delay_ms
  18               	delay_ms:
  19               	.LFB7:
  20               	.LM1:
  21               	.LVL0:
  22               	/* prologue: function */
  23               	/* frame size = 0 */
  24               	.LBB12:
  25               	.LBB13:
  26               	.LBB14:
  27               	.LBB15:
  28               	.LM2:
  29 0000 20ED      		ldi r18,lo8(2000)
  30 0002 37E0      		ldi r19,hi8(2000)
  31 0004 00C0      		rjmp .L2
  32               	.LVL1:
  33               	.L3:
  34 0006 F901      		movw r30,r18
  35               	/* #APP */
  36               	 ;  105 "d:/program files/winavr/lib/gcc/../../avr/include/util/delay_basic.h" 1
  37 0008 3197      		1: sbiw r30,1
  38 000a 01F4      		brne 1b
  39               	 ;  0 "" 2
  40               	/* #NOAPP */
  41               	.L2:
  42               	.LBE15:
  43               	.LBE14:
  44               	.LBE13:
  45               	.LBE12:
  46               	.LM3:
  47 000c 0197      		sbiw r24,1
  48 000e 4FEF      		ldi r20,hi8(-1)
  49 0010 8F3F      		cpi r24,lo8(-1)
  50 0012 9407      		cpc r25,r20
  51 0014 01F4      		brne .L3
  52               	/* epilogue start */
  53               	.LM4:
  54 0016 0895      		ret
  55               	.LFE7:
  57               		.data
  58               	.LC0:
  59 0000 4E65 776D 		.string	"Newman's touch circles.. "
  59      616E 2773 
  59      2074 6F75 
  59      6368 2063 
  59      6972 636C 
  60               		.text
  61               	.global	main
  63               	main:
  64               	.LFB8:
  65               	.LM5:
  66 0018 AF92      		push r10
  67 001a BF92      		push r11
  68 001c CF92      		push r12
  69 001e DF92      		push r13
  70 0020 EF92      		push r14
  71 0022 FF92      		push r15
  72 0024 0F93      		push r16
  73 0026 1F93      		push r17
  74 0028 DF93      		push r29
  75 002a CF93      		push r28
  76 002c CDB7      		in r28,__SP_L__
  77 002e DEB7      		in r29,__SP_H__
  78 0030 C856      		subi r28,lo8(-(-104))
  79 0032 D040      		sbci r29,hi8(-(-104))
  80 0034 0FB6      		in __tmp_reg__,__SREG__
  81 0036 F894      		cli
  82 0038 DEBF      		out __SP_H__,r29
  83 003a 0FBE      		out __SREG__,__tmp_reg__
  84 003c CDBF      		out __SP_L__,r28
  85               	/* prologue: function */
  86               	/* frame size = 104 */
  87               	.LM6:
  88 003e 8E9A      		sbi 49-32,6
  89               	.LM7:
  90 0040 B89A      		sbi 55-32,0
  91               	.LM8:
  92 0042 969A      		sbi 50-32,6
  93               	.LM9:
  94 0044 C098      		cbi 56-32,0
  95               	.LM10:
  96 0046 8D98      		cbi 49-32,5
  97 0048 959A      		sbi 50-32,5
  98               	.LM11:
  99 004a 8FEF      		ldi r24,lo8(-1)
 100 004c 84BB      		out 52-32,r24
 101               	.LM12:
 102 004e 0E94 0000 		call LCD_Init
 103               	.LM13:
 104 0052 0E94 0000 		call TOUCH_Calibrate
 105               	.LM14:
 106 0056 8599      		sbic 48-32,5
 107 0058 00C0      		rjmp .L6
 108               	.LM15:
 109 005a 8E01      		movw r16,r28
 110 005c 0B5F      		subi r16,lo8(-(5))
 111 005e 1F4F      		sbci r17,hi8(-(5))
 112 0060 C801      		movw r24,r16
 113 0062 60E0      		ldi r22,lo8(.LC0)
 114 0064 70E0      		ldi r23,hi8(.LC0)
 115 0066 0E94 0000 		call strcpy
 116               	.LM16:
 117 006a 82E3      		ldi r24,lo8(50)
 118 006c 90E0      		ldi r25,hi8(50)
 119 006e 6EE6      		ldi r22,lo8(110)
 120 0070 70E0      		ldi r23,hi8(110)
 121 0072 A801      		movw r20,r16
 122 0074 20EE      		ldi r18,lo8(-32)
 123 0076 3FEF      		ldi r19,hi8(-32)
 124 0078 00E0      		ldi r16,lo8(0)
 125 007a 10E0      		ldi r17,hi8(0)
 126 007c 0E94 0000 		call LCD_WriteString
 127               	.L7:
 128               	.LM17:
 129 0080 8399      		sbic 48-32,3
 130 0082 00C0      		rjmp .L7
 131 0084 00C0      		rjmp .L20
 132               	.LVL2:
 133               	.L9:
 134               	.LBB16:
 135               	.LM18:
 136 0086 0E94 0000 		call rand
 137 008a 8C01      		movw r16,r24
 138 008c 0E94 0000 		call rand
 139 0090 7C01      		movw r14,r24
 140 0092 0E94 0000 		call rand
 141 0096 6C01      		movw r12,r24
 142 0098 0E94 0000 		call rand
 143 009c 9C01      		movw r18,r24
 144 009e C801      		movw r24,r16
 145 00a0 6FE3      		ldi r22,lo8(319)
 146 00a2 71E0      		ldi r23,hi8(319)
 147 00a4 0E94 0000 		call __divmodhi4
 148 00a8 8C01      		movw r16,r24
 149 00aa C701      		movw r24,r14
 150 00ac 6FEE      		ldi r22,lo8(239)
 151 00ae 70E0      		ldi r23,hi8(239)
 152 00b0 0E94 0000 		call __divmodhi4
 153 00b4 FC01      		movw r30,r24
 154 00b6 C601      		movw r24,r12
 155 00b8 64E6      		ldi r22,lo8(100)
 156 00ba 70E0      		ldi r23,hi8(100)
 157 00bc 0E94 0000 		call __divmodhi4
 158 00c0 AC01      		movw r20,r24
 159 00c2 220F      		lsl r18
 160 00c4 331F      		rol r19
 161 00c6 C801      		movw r24,r16
 162 00c8 BF01      		movw r22,r30
 163 00ca 01E0      		ldi r16,lo8(1)
 164 00cc 0E94 0000 		call LCD_DrawCircle
 165               	.LM19:
 166 00d0 0894      		sec
 167 00d2 A11C      		adc r10,__zero_reg__
 168 00d4 B11C      		adc r11,__zero_reg__
 169               	.L19:
 170 00d6 82E3      		ldi r24,lo8(50)
 171 00d8 A816      		cp r10,r24
 172 00da B104      		cpc r11,__zero_reg__
 173 00dc 04F0      		brlt .L9
 174               	.L14:
 175               	.LBE16:
 176               	.LM20:
 177 00de 8399      		sbic 48-32,3
 178 00e0 00C0      		rjmp .L14
 179               	.L20:
 180 00e2 AA24      		clr r10
 181 00e4 BB24      		clr r11
 182 00e6 00C0      		rjmp .L19
 183               	.LVL3:
 184               	.L6:
 185               	.LBB17:
 186               	.LM21:
 187 00e8 0E94 0000 		call TOUCH_Reset
 188               	.LM22:
 189 00ec 83E0      		ldi r24,lo8(3)
 190 00ee E82E      		mov r14,r24
 191 00f0 F12C      		mov r15,__zero_reg__
 192 00f2 EC0E      		add r14,r28
 193 00f4 FD1E      		adc r15,r29
 194 00f6 5E01      		movw r10,r28
 195 00f8 0894      		sec
 196 00fa A11C      		adc r10,__zero_reg__
 197 00fc B11C      		adc r11,__zero_reg__
 198               	.LVL4:
 199               	.L18:
 200               	.LM23:
 201 00fe 8399      		sbic 48-32,3
 202 0100 00C0      		rjmp .L18
 203               	.LM24:
 204 0102 C501      		movw r24,r10
 205 0104 B701      		movw r22,r14
 206 0106 0E94 0000 		call TOUCH_Read
 207               	.LM25:
 208 010a 8399      		sbic 48-32,3
 209 010c 00C0      		rjmp .L18
 210               	.LM26:
 211 010e 6B81      		ldd r22,Y+3
 212 0110 7C81      		ldd r23,Y+4
 213 0112 8981      		ldd r24,Y+1
 214 0114 9A81      		ldd r25,Y+2
 215 0116 41E0      		ldi r20,lo8(1)
 216 0118 50E0      		ldi r21,hi8(1)
 217 011a 2FEF      		ldi r18,lo8(-1)
 218 011c 3FEF      		ldi r19,hi8(-1)
 219 011e 01E0      		ldi r16,lo8(1)
 220 0120 0E94 0000 		call LCD_DrawCircle
 221               	.LM27:
 222 0124 8599      		sbic 48-32,5
 223 0126 00C0      		rjmp .L18
 224               	.LM28:
 225 0128 80E0      		ldi r24,lo8(0)
 226 012a 90E0      		ldi r25,hi8(0)
 227 012c 0E94 0000 		call LCD_Clear
 228 0130 00C0      		rjmp .L18
 229               	.LBE17:
 230               	.LFE8:
 264               	.Letext0:
DEFINED SYMBOLS
                            *ABS*:00000000 main.c
C:\Users\Newman\AppData\Local\Temp/cclOsCaT.s:2      *ABS*:0000003f __SREG__
C:\Users\Newman\AppData\Local\Temp/cclOsCaT.s:3      *ABS*:0000003e __SP_H__
C:\Users\Newman\AppData\Local\Temp/cclOsCaT.s:4      *ABS*:0000003d __SP_L__
C:\Users\Newman\AppData\Local\Temp/cclOsCaT.s:5      *ABS*:00000034 __CCP__
C:\Users\Newman\AppData\Local\Temp/cclOsCaT.s:6      *ABS*:00000000 __tmp_reg__
C:\Users\Newman\AppData\Local\Temp/cclOsCaT.s:7      *ABS*:00000001 __zero_reg__
C:\Users\Newman\AppData\Local\Temp/cclOsCaT.s:18     .text:00000000 delay_ms
C:\Users\Newman\AppData\Local\Temp/cclOsCaT.s:63     .text:00000018 main

UNDEFINED SYMBOLS
LCD_Init
TOUCH_Calibrate
strcpy
LCD_WriteString
rand
__divmodhi4
LCD_DrawCircle
TOUCH_Reset
TOUCH_Read
LCD_Clear
__do_copy_data
